{
  "stats": {
    "suites": 1,
    "tests": 1,
    "passes": 1,
    "pending": 0,
    "failures": 0,
    "start": "2025-11-26T21:21:09.125Z",
    "end": "2025-11-26T21:21:11.474Z",
    "duration": 2349,
    "testsRegistered": 1,
    "passPercent": 100,
    "pendingPercent": 0,
    "other": 0,
    "hasOther": false,
    "skipped": 0,
    "hasSkipped": false
  },
  "results": [
    {
      "uuid": "1e337dff-a8f5-4c5d-9faa-1a319b553017",
      "title": "",
      "fullFile": "cypress/e2e/interface/5. Elementos da tela e navegação/elementos-interface_LGN-006.cy.js",
      "file": "cypress/e2e/interface/5. Elementos da tela e navegação/elementos-interface_LGN-006.cy.js",
      "beforeHooks": [],
      "afterHooks": [],
      "tests": [],
      "suites": [
        {
          "uuid": "0984d314-265a-41c4-a8f8-0d94f940c332",
          "title": "Deve garantir que todos os elementos da tela estão visíveis. - LGN-006",
          "fullFile": "",
          "file": "",
          "beforeHooks": [],
          "afterHooks": [],
          "tests": [
            {
              "title": "O título \"Login\", os campos \"Email\" e \"Senha\", o botão \"Entrar\" e o link \"Cadastrar\" devem estar visíveis.",
              "fullTitle": "Deve garantir que todos os elementos da tela estão visíveis. - LGN-006 O título \"Login\", os campos \"Email\" e \"Senha\", o botão \"Entrar\" e o link \"Cadastrar\" devem estar visíveis.",
              "timedOut": null,
              "duration": 1377,
              "state": "passed",
              "speed": "fast",
              "pass": true,
              "fail": false,
              "pending": false,
              "context": null,
              "code": "cy.contains('Login');\ncy.get('[data-testid=\"email\"]').should('be.visible');\ncy.get('[data-testid=\"senha\"]').should('be.visible');\ncy.get('[data-testid=\"entrar\"]').should('be.visible');\ncy.contains('Não é cadastrado?');\ncy.get('[data-testid=\"cadastrar\"]').should('be.visible');",
              "err": {},
              "uuid": "7bfc7545-7b1d-41ae-b355-9841a1ee455b",
              "parentUUID": "0984d314-265a-41c4-a8f8-0d94f940c332",
              "isHook": false,
              "skipped": false
            }
          ],
          "suites": [],
          "passes": [
            "7bfc7545-7b1d-41ae-b355-9841a1ee455b"
          ],
          "failures": [],
          "pending": [],
          "skipped": [],
          "duration": 1377,
          "root": false,
          "rootEmpty": false,
          "_timeout": 2000
        }
      ],
      "passes": [],
      "failures": [],
      "pending": [],
      "skipped": [],
      "duration": 0,
      "root": true,
      "rootEmpty": true,
      "_timeout": 2000
    }
  ],
  "meta": {
    "mocha": {
      "version": "7.0.1"
    },
    "mochawesome": {
      "options": {
        "quiet": false,
        "reportFilename": "mochawesome",
        "saveHtml": true,
        "saveJson": true,
        "consoleReporter": "spec",
        "useInlineDiffs": false,
        "code": true
      },
      "version": "7.1.4"
    },
    "marge": {
      "options": {
        "reportDir": "cypress/results",
        "overwrite": false,
        "html": true,
        "json": true,
        "timestamp": "mmddyyyy_HHMMss"
      },
      "version": "6.3.2"
    }
  }
}