{
  "stats": {
    "suites": 1,
    "tests": 1,
    "passes": 1,
    "pending": 0,
    "failures": 0,
    "start": "2025-11-26T21:21:23.283Z",
    "end": "2025-11-26T21:21:26.615Z",
    "duration": 3332,
    "testsRegistered": 1,
    "passPercent": 100,
    "pendingPercent": 0,
    "other": 0,
    "hasOther": false,
    "skipped": 0,
    "hasSkipped": false
  },
  "results": [
    {
      "uuid": "90187aa8-a0a6-41b8-9837-869b38aa621d",
      "title": "",
      "fullFile": "cypress/e2e/login/2. Login com credenciais inválidas/login-invalido_LGN-003.cy.js",
      "file": "cypress/e2e/login/2. Login com credenciais inválidas/login-invalido_LGN-003.cy.js",
      "beforeHooks": [],
      "afterHooks": [],
      "tests": [],
      "suites": [
        {
          "uuid": "19f474b7-8938-4a16-878c-7d655ed2f59e",
          "title": "Login inválido por email inexistente - LGN-003",
          "fullFile": "",
          "file": "",
          "beforeHooks": [],
          "afterHooks": [],
          "tests": [
            {
              "title": "Exibir a mensagem de erro: \"Email e/ou senha inválidos\".",
              "fullTitle": "Login inválido por email inexistente - LGN-003 Exibir a mensagem de erro: \"Email e/ou senha inválidos\".",
              "timedOut": null,
              "duration": 2393,
              "state": "passed",
              "speed": "fast",
              "pass": true,
              "fail": false,
              "pending": false,
              "context": null,
              "code": "cy.get('[data-testid=\"email\"]').type('johndoe@examplo.com');\ncy.get('[data-testid=\"senha\"]').type('Senha123');\ncy.get('[data-testid=\"entrar\"]').click();\ncy.get('.alert').should('exist');",
              "err": {},
              "uuid": "82f6c964-9ebb-4239-b5e7-d8674d254618",
              "parentUUID": "19f474b7-8938-4a16-878c-7d655ed2f59e",
              "isHook": false,
              "skipped": false
            }
          ],
          "suites": [],
          "passes": [
            "82f6c964-9ebb-4239-b5e7-d8674d254618"
          ],
          "failures": [],
          "pending": [],
          "skipped": [],
          "duration": 2393,
          "root": false,
          "rootEmpty": false,
          "_timeout": 2000
        }
      ],
      "passes": [],
      "failures": [],
      "pending": [],
      "skipped": [],
      "duration": 0,
      "root": true,
      "rootEmpty": true,
      "_timeout": 2000
    }
  ],
  "meta": {
    "mocha": {
      "version": "7.0.1"
    },
    "mochawesome": {
      "options": {
        "quiet": false,
        "reportFilename": "mochawesome",
        "saveHtml": true,
        "saveJson": true,
        "consoleReporter": "spec",
        "useInlineDiffs": false,
        "code": true
      },
      "version": "7.1.4"
    },
    "marge": {
      "options": {
        "reportDir": "cypress/results",
        "overwrite": false,
        "html": true,
        "json": true,
        "timestamp": "mmddyyyy_HHMMss"
      },
      "version": "6.3.2"
    }
  }
}