{
  "stats": {
    "suites": 1,
    "tests": 1,
    "passes": 1,
    "pending": 0,
    "failures": 0,
    "start": "2025-11-26T21:21:19.377Z",
    "end": "2025-11-26T21:21:22.454Z",
    "duration": 3077,
    "testsRegistered": 1,
    "passPercent": 100,
    "pendingPercent": 0,
    "other": 0,
    "hasOther": false,
    "skipped": 0,
    "hasSkipped": false
  },
  "results": [
    {
      "uuid": "f79b78e2-961a-45c1-9f59-b8162d721d88",
      "title": "",
      "fullFile": "cypress/e2e/login/2. Login com credenciais inválidas/login-invalido_LGN-002.cy.js",
      "file": "cypress/e2e/login/2. Login com credenciais inválidas/login-invalido_LGN-002.cy.js",
      "beforeHooks": [],
      "afterHooks": [],
      "tests": [],
      "suites": [
        {
          "uuid": "8f4da981-549d-4fc1-8c13-383682ae60f7",
          "title": "Deve falhar o login com email válido e senha incorreta. - LGN-002",
          "fullFile": "",
          "file": "",
          "beforeHooks": [],
          "afterHooks": [],
          "tests": [
            {
              "title": "Exibir a mensagem de erro: \"Email e/ou senha inválidos\".",
              "fullTitle": "Deve falhar o login com email válido e senha incorreta. - LGN-002 Exibir a mensagem de erro: \"Email e/ou senha inválidos\".",
              "timedOut": null,
              "duration": 2140,
              "state": "passed",
              "speed": "fast",
              "pass": true,
              "fail": false,
              "pending": false,
              "context": null,
              "code": "cy.get('[data-testid=\"email\"]').type('johndoe@example.com');\ncy.get('[data-testid=\"senha\"]').type('Senha124');\ncy.get('[data-testid=\"entrar\"]').click();\ncy.get('.alert').should('exist');",
              "err": {},
              "uuid": "65a59181-01a9-49ae-b909-fd6b631427a0",
              "parentUUID": "8f4da981-549d-4fc1-8c13-383682ae60f7",
              "isHook": false,
              "skipped": false
            }
          ],
          "suites": [],
          "passes": [
            "65a59181-01a9-49ae-b909-fd6b631427a0"
          ],
          "failures": [],
          "pending": [],
          "skipped": [],
          "duration": 2140,
          "root": false,
          "rootEmpty": false,
          "_timeout": 2000
        }
      ],
      "passes": [],
      "failures": [],
      "pending": [],
      "skipped": [],
      "duration": 0,
      "root": true,
      "rootEmpty": true,
      "_timeout": 2000
    }
  ],
  "meta": {
    "mocha": {
      "version": "7.0.1"
    },
    "mochawesome": {
      "options": {
        "quiet": false,
        "reportFilename": "mochawesome",
        "saveHtml": true,
        "saveJson": true,
        "consoleReporter": "spec",
        "useInlineDiffs": false,
        "code": true
      },
      "version": "7.1.4"
    },
    "marge": {
      "options": {
        "reportDir": "cypress/results",
        "overwrite": false,
        "html": true,
        "json": true,
        "timestamp": "mmddyyyy_HHMMss"
      },
      "version": "6.3.2"
    }
  }
}