{
  "stats": {
    "suites": 1,
    "tests": 1,
    "passes": 1,
    "pending": 0,
    "failures": 0,
    "start": "2025-11-26T21:21:03.026Z",
    "end": "2025-11-26T21:21:08.205Z",
    "duration": 5179,
    "testsRegistered": 1,
    "passPercent": 100,
    "pendingPercent": 0,
    "other": 0,
    "hasOther": false,
    "skipped": 0,
    "hasSkipped": false
  },
  "results": [
    {
      "uuid": "818ed424-75ec-4db5-98a2-c3990f72b717",
      "title": "",
      "fullFile": "cypress/e2e/cadastro/cadastro.cy.js",
      "file": "cypress/e2e/cadastro/cadastro.cy.js",
      "beforeHooks": [],
      "afterHooks": [],
      "tests": [],
      "suites": [
        {
          "uuid": "c26a60d8-26f4-4dbd-968a-daaa60b93b67",
          "title": "Cadastro",
          "fullFile": "",
          "file": "",
          "beforeHooks": [],
          "afterHooks": [],
          "tests": [
            {
              "title": "Deve fazer o cadastro bem sucedido",
              "fullTitle": "Cadastro Deve fazer o cadastro bem sucedido",
              "timedOut": null,
              "duration": 2721,
              "state": "passed",
              "speed": "fast",
              "pass": true,
              "fail": false,
              "pending": false,
              "context": null,
              "code": "cy.visit('https://front.serverest.dev/cadastrarusuarios');\ncy.get('[data-testid=\"nome\"]').type('John Doe');\ncy.get('[data-testid=\"email\"]').type('johndoe@example.com');\ncy.get('[data-testid=\"password\"]').type('Senha123');\ncy.get('[data-testid=\"entrar\"]').click();",
              "err": {},
              "uuid": "ae7908ac-b22a-47fe-97a0-a8f0313fef68",
              "parentUUID": "c26a60d8-26f4-4dbd-968a-daaa60b93b67",
              "isHook": false,
              "skipped": false
            }
          ],
          "suites": [],
          "passes": [
            "ae7908ac-b22a-47fe-97a0-a8f0313fef68"
          ],
          "failures": [],
          "pending": [],
          "skipped": [],
          "duration": 2721,
          "root": false,
          "rootEmpty": false,
          "_timeout": 2000
        }
      ],
      "passes": [],
      "failures": [],
      "pending": [],
      "skipped": [],
      "duration": 0,
      "root": true,
      "rootEmpty": true,
      "_timeout": 2000
    }
  ],
  "meta": {
    "mocha": {
      "version": "7.0.1"
    },
    "mochawesome": {
      "options": {
        "quiet": false,
        "reportFilename": "mochawesome",
        "saveHtml": true,
        "saveJson": true,
        "consoleReporter": "spec",
        "useInlineDiffs": false,
        "code": true
      },
      "version": "7.1.4"
    },
    "marge": {
      "options": {
        "reportDir": "cypress/results",
        "overwrite": false,
        "html": true,
        "json": true,
        "timestamp": "mmddyyyy_HHMMss"
      },
      "version": "6.3.2"
    }
  }
}