{
  "stats": {
    "suites": 1,
    "tests": 1,
    "passes": 1,
    "pending": 0,
    "failures": 0,
    "start": "2025-11-26T21:21:31.213Z",
    "end": "2025-11-26T21:21:34.466Z",
    "duration": 3253,
    "testsRegistered": 1,
    "passPercent": 100,
    "pendingPercent": 0,
    "other": 0,
    "hasOther": false,
    "skipped": 0,
    "hasSkipped": false
  },
  "results": [
    {
      "uuid": "4ea0bd0e-4347-4395-bf9c-785f7bfa11b6",
      "title": "",
      "fullFile": "cypress/e2e/login/4. Validação de Formato (Email Format)/login-invalido_LGN-005.cy.js",
      "file": "cypress/e2e/login/4. Validação de Formato (Email Format)/login-invalido_LGN-005.cy.js",
      "beforeHooks": [],
      "afterHooks": [],
      "tests": [],
      "suites": [
        {
          "uuid": "be524893-784c-4069-b506-ea0b653c6d57",
          "title": "Deve impedir o login com um formato de email inválido (ex: sem o caractere @) - LGN-005",
          "fullFile": "",
          "file": "",
          "beforeHooks": [],
          "afterHooks": [],
          "tests": [
            {
              "title": "Exibir erro de validação de formato de email (Validação HTML5 ou customizada). O formulário não é submetido.",
              "fullTitle": "Deve impedir o login com um formato de email inválido (ex: sem o caractere @) - LGN-005 Exibir erro de validação de formato de email (Validação HTML5 ou customizada). O formulário não é submetido.",
              "timedOut": null,
              "duration": 2077,
              "state": "passed",
              "speed": "fast",
              "pass": true,
              "fail": false,
              "pending": false,
              "context": null,
              "code": "cy.get('[data-testid=\"email\"]').type('johndoeexamplo.com');\ncy.get('[data-testid=\"senha\"]').type('Senha123');\ncy.get('[data-testid=\"entrar\"]').click({\n  force: true\n});\ncy.get('[data-testid=\"email\"]').then($input => {\n  expect($input[0].checkValidity()).to.be.false;\n  const validationMessage = $input[0].validationMessage;\n  expect(validationMessage).to.include('Inclua um \"@\" no endereço de e-mail.');\n});",
              "err": {},
              "uuid": "f8a2b106-6232-4cf8-b635-6acd1b5dfc72",
              "parentUUID": "be524893-784c-4069-b506-ea0b653c6d57",
              "isHook": false,
              "skipped": false
            }
          ],
          "suites": [],
          "passes": [
            "f8a2b106-6232-4cf8-b635-6acd1b5dfc72"
          ],
          "failures": [],
          "pending": [],
          "skipped": [],
          "duration": 2077,
          "root": false,
          "rootEmpty": false,
          "_timeout": 2000
        }
      ],
      "passes": [],
      "failures": [],
      "pending": [],
      "skipped": [],
      "duration": 0,
      "root": true,
      "rootEmpty": true,
      "_timeout": 2000
    }
  ],
  "meta": {
    "mocha": {
      "version": "7.0.1"
    },
    "mochawesome": {
      "options": {
        "quiet": false,
        "reportFilename": "mochawesome",
        "saveHtml": true,
        "saveJson": true,
        "consoleReporter": "spec",
        "useInlineDiffs": false,
        "code": true
      },
      "version": "7.1.4"
    },
    "marge": {
      "options": {
        "reportDir": "cypress/results",
        "overwrite": false,
        "html": true,
        "json": true,
        "timestamp": "mmddyyyy_HHMMss"
      },
      "version": "6.3.2"
    }
  }
}